<?xml version="1.0" encoding="UTF-8"?>
<testng-results skipped="0" failed="0" ignored="0" total="1" passed="1">
  <reporter-output>
  </reporter-output>
  <suite name="Default suite" duration-ms="12243" started-at="2019-06-03T07:11:04Z" finished-at="2019-06-03T07:11:17Z">
    <groups>
    </groups>
    <test name="Default test" duration-ms="12243" started-at="2019-06-03T07:11:04Z" finished-at="2019-06-03T07:11:17Z">
      <class name="Pageobjectmodel.Testcasewith">
        <test-method status="PASS" signature="func()[pri:0, instance:Pageobjectmodel.Testcasewith@29774679]" name="func" duration-ms="12198" started-at="2019-06-03T07:11:04Z" finished-at="2019-06-03T07:11:17Z">
          <reporter-output>
          </reporter-output>
        </test-method> <!-- func -->
      </class> <!-- Pageobjectmodel.Testcasewith -->
    </test> <!-- Default test -->
  </suite> <!-- Default suite -->
</testng-results>
